{"E:\\israr\\calendricApi\\config.js": {"path":"E:\\israr\\calendricApi\\config.js","statementMap":{"0":{"start":{"line":1,"column":0},"end":{"line":1,"column":27}},"1":{"start":{"line":3,"column":0},"end":{"line":7,"column":2}}},"fnMap":{},"branchMap":{"0":{"loc":{"start":{"line":6,"column":12},"end":{"line":6,"column":41}},"type":"binary-expr","locations":[{"start":{"line":6,"column":12},"end":{"line":6,"column":33}},{"start":{"line":6,"column":37},"end":{"line":6,"column":41}}],"line":6}},"s":{"0":1,"1":1},"f":{},"b":{"0":[1,0]},"_coverageSchema":"1a1c01bbd47fc00a2c39e90264f33305004495a9","hash":"19a93c494ca035546e1dbfae5953406df2766f02"}
,"E:\\israr\\calendricApi\\index.js": {"path":"E:\\israr\\calendricApi\\index.js","statementMap":{"0":{"start":{"line":1,"column":16},"end":{"line":1,"column":34}},"1":{"start":{"line":2,"column":14},"end":{"line":2,"column":30}},"2":{"start":{"line":3,"column":18},"end":{"line":3,"column":39}},"3":{"start":{"line":4,"column":15},"end":{"line":4,"column":34}},"4":{"start":{"line":6,"column":12},"end":{"line":6,"column":21}},"5":{"start":{"line":7,"column":14},"end":{"line":7,"column":56}},"6":{"start":{"line":9,"column":0},"end":{"line":34,"column":3}},"7":{"start":{"line":10,"column":30},"end":{"line":10,"column":39}},"8":{"start":{"line":12,"column":4},"end":{"line":14,"column":5}},"9":{"start":{"line":13,"column":8},"end":{"line":13,"column":80}},"10":{"start":{"line":16,"column":21},"end":{"line":16,"column":41}},"11":{"start":{"line":17,"column":27},"end":{"line":17,"column":46}},"12":{"start":{"line":19,"column":4},"end":{"line":21,"column":5}},"13":{"start":{"line":20,"column":8},"end":{"line":20,"column":40}},"14":{"start":{"line":23,"column":4},"end":{"line":33,"column":5}},"15":{"start":{"line":24,"column":25},"end":{"line":26,"column":9}},"16":{"start":{"line":27,"column":25},"end":{"line":27,"column":56}},"17":{"start":{"line":29,"column":8},"end":{"line":29,"column":38}},"18":{"start":{"line":30,"column":8},"end":{"line":30,"column":27}},"19":{"start":{"line":32,"column":8},"end":{"line":32,"column":55}},"20":{"start":{"line":36,"column":0},"end":{"line":52,"column":3}},"21":{"start":{"line":37,"column":4},"end":{"line":51,"column":5}},"22":{"start":{"line":38,"column":32},"end":{"line":38,"column":54}},"23":{"start":{"line":39,"column":8},"end":{"line":41,"column":9}},"24":{"start":{"line":40,"column":12},"end":{"line":40,"column":45}},"25":{"start":{"line":42,"column":25},"end":{"line":44,"column":9}},"26":{"start":{"line":45,"column":26},"end":{"line":45,"column":58}},"27":{"start":{"line":47,"column":8},"end":{"line":47,"column":42}},"28":{"start":{"line":48,"column":8},"end":{"line":48,"column":28}},"29":{"start":{"line":50,"column":8},"end":{"line":50,"column":44}},"30":{"start":{"line":55,"column":0},"end":{"line":55,"column":21}},"31":{"start":{"line":58,"column":0},"end":{"line":63,"column":1}},"32":{"start":{"line":59,"column":17},"end":{"line":59,"column":41}},"33":{"start":{"line":60,"column":4},"end":{"line":62,"column":7}},"34":{"start":{"line":61,"column":28},"end":{"line":61,"column":113}},"35":{"start":{"line":70,"column":85},"end":{"line":70,"column":39854}},"36":{"start":{"line":70,"column":89},"end":{"line":70,"column":39843}}},"fnMap":{"0":{"name":"(anonymous_0)","decl":{"start":{"line":9,"column":21},"end":{"line":9,"column":22}},"loc":{"start":{"line":9,"column":41},"end":{"line":34,"column":1}},"line":9},"1":{"name":"(anonymous_1)","decl":{"start":{"line":36,"column":22},"end":{"line":36,"column":23}},"loc":{"start":{"line":36,"column":42},"end":{"line":52,"column":1}},"line":36},"2":{"name":"(anonymous_2)","decl":{"start":{"line":60,"column":21},"end":{"line":60,"column":22}},"loc":{"start":{"line":60,"column":27},"end":{"line":62,"column":5}},"line":60},"3":{"name":"oo_cm","decl":{"start":{"line":70,"column":77},"end":{"line":70,"column":82}},"loc":{"start":{"line":70,"column":84},"end":{"line":70,"column":39855}},"line":70}},"branchMap":{"0":{"loc":{"start":{"line":12,"column":4},"end":{"line":14,"column":5}},"type":"if","locations":[{"start":{"line":12,"column":4},"end":{"line":14,"column":5}},{"start":{},"end":{}}],"line":12},"1":{"loc":{"start":{"line":12,"column":8},"end":{"line":12,"column":25}},"type":"binary-expr","locations":[{"start":{"line":12,"column":8},"end":{"line":12,"column":16}},{"start":{"line":12,"column":20},"end":{"line":12,"column":25}}],"line":12},"2":{"loc":{"start":{"line":19,"column":4},"end":{"line":21,"column":5}},"type":"if","locations":[{"start":{"line":19,"column":4},"end":{"line":21,"column":5}},{"start":{},"end":{}}],"line":19},"3":{"loc":{"start":{"line":39,"column":8},"end":{"line":41,"column":9}},"type":"if","locations":[{"start":{"line":39,"column":8},"end":{"line":41,"column":9}},{"start":{},"end":{}}],"line":39},"4":{"loc":{"start":{"line":58,"column":0},"end":{"line":63,"column":1}},"type":"if","locations":[{"start":{"line":58,"column":0},"end":{"line":63,"column":1}},{"start":{},"end":{}}],"line":58},"5":{"loc":{"start":{"line":59,"column":17},"end":{"line":59,"column":41}},"type":"binary-expr","locations":[{"start":{"line":59,"column":17},"end":{"line":59,"column":33}},{"start":{"line":59,"column":37},"end":{"line":59,"column":41}}],"line":59},"6":{"loc":{"start":{"line":70,"column":96},"end":{"line":70,"column":39842}},"type":"binary-expr","locations":[{"start":{"line":70,"column":96},"end":{"line":70,"column":133}},{"start":{"line":70,"column":137},"end":{"line":70,"column":39842}}],"line":70}},"s":{"0":1,"1":1,"2":1,"3":1,"4":1,"5":1,"6":1,"7":6,"8":6,"9":3,"10":3,"11":3,"12":3,"13":1,"14":2,"15":2,"16":1,"17":1,"18":1,"19":1,"20":1,"21":3,"22":3,"23":3,"24":1,"25":2,"26":1,"27":1,"28":1,"29":1,"30":1,"31":1,"32":0,"33":0,"34":0,"35":0,"36":0},"f":{"0":6,"1":3,"2":0,"3":0},"b":{"0":[3,3],"1":[6,4],"2":[1,2],"3":[1,2],"4":[0,1],"5":[0,0],"6":[0,0]},"_coverageSchema":"1a1c01bbd47fc00a2c39e90264f33305004495a9","hash":"8b64c13a648f5838427a6eb4ca0c2caa9dd77e26"}
}
