TN:
SF:config.js
FNF:0
FNH:0
DA:1,1
DA:3,1
LF:2
LH:2
BRDA:6,0,0,1
BRDA:6,0,1,0
BRF:2
BRH:1
end_of_record
TN:
SF:index.js
FN:9,(anonymous_0)
FN:36,(anonymous_1)
FN:60,(anonymous_2)
FN:70,oo_cm
FNF:4
FNH:2
FNDA:6,(anonymous_0)
FNDA:3,(anonymous_1)
FNDA:0,(anonymous_2)
FNDA:0,oo_cm
DA:1,1
DA:2,1
DA:3,1
DA:4,1
DA:6,1
DA:7,1
DA:9,1
DA:10,6
DA:12,6
DA:13,3
DA:16,3
DA:17,3
DA:19,3
DA:20,1
DA:23,2
DA:24,2
DA:27,1
DA:29,1
DA:30,1
DA:32,1
DA:36,1
DA:37,3
DA:38,3
DA:39,3
DA:40,1
DA:42,2
DA:45,1
DA:47,1
DA:48,1
DA:50,1
DA:55,1
DA:58,1
DA:59,0
DA:60,0
DA:61,0
DA:70,0
LF:36
LH:32
BRDA:12,0,0,3
BRDA:12,0,1,3
BRDA:12,1,0,6
BRDA:12,1,1,4
BRDA:19,2,0,1
BRDA:19,2,1,2
BRDA:39,3,0,1
BRDA:39,3,1,2
BRDA:58,4,0,0
BRDA:58,4,1,1
BRDA:59,5,0,0
BRDA:59,5,1,0
BRDA:70,6,0,0
BRDA:70,6,1,0
BRF:14
BRH:9
end_of_record
